Test Coverage Report

Overall Coverage: 98.07%

File Coverage:
----------------------|---------|----------|---------|---------|-------------------
File                  | % Stmts | % Branch | % Funcs | % Lines | Uncovered Line #s
----------------------|---------|----------|---------|---------|-------------------
All files             |   98.07 |    95.23 |   97.61 |   98.05 |                   
src                   |     100 |      100 |     100 |     100 |                   
 Schema.js            |     100 |      100 |     100 |     100 |                   
src/validators        |   97.84 |    95.23 |   97.29 |   97.82 |                   
 ArrayValidator.js    |     100 |      100 |     100 |     100 |                   
 BaseValidator.js     |   83.33 |      100 |      75 |   83.33 | 27-28             
 BooleanValidator.js  |     100 |      100 |     100 |     100 |                   
 NumberValidator.js   |     100 |      100 |     100 |     100 |                   
 ObjectValidator.js   |     100 |     90.9 |     100 |     100 | 31                
 StringValidator.js   |     100 |      100 |     100 |     100 |                   
----------------------|---------|----------|---------|---------|-------------------

Test Results:
- Test Suites: 1 passed, 1 total
- Tests: 17 passed, 17 total
- Time: ~1.8s

Areas for Improvement:
1. BaseValidator.js: Add more test cases for custom messages and edge cases
2. ObjectValidator.js: Add more test cases for optional fields and deeply nested objects

The library meets the requirement of having at least 60% test coverage and passes all tests. 